[debug] [2024-08-06T15:44:53.035Z] ----------------------------------------------------------------------
[debug] [2024-08-06T15:44:53.037Z] Command:       C:\Program Files\nodejs\node.exe C:\Users\khule\AppData\Roaming\npm\node_modules\firebase-tools\lib\bin\firebase.js init
[debug] [2024-08-06T15:44:53.037Z] CLI Version:   13.13.1
[debug] [2024-08-06T15:44:53.037Z] Platform:      win32
[debug] [2024-08-06T15:44:53.038Z] Node Version:  v20.15.0
[debug] [2024-08-06T15:44:53.038Z] Time:          Tue Aug 06 2024 11:44:53 GMT-0400 (Eastern Daylight Time)
[debug] [2024-08-06T15:44:53.038Z] ----------------------------------------------------------------------
[debug] 
[debug] [2024-08-06T15:44:53.162Z] > command requires scopes: ["email","openid","https://www.googleapis.com/auth/cloudplatformprojects.readonly","https://www.googleapis.com/auth/firebase","https://www.googleapis.com/auth/cloud-platform"]
[debug] [2024-08-06T15:44:53.164Z] > authorizing via signed-in user (bataabryan@gmail.com)
[info] 
     ######## #### ########  ######## ########     ###     ######  ########
     ##        ##  ##     ## ##       ##     ##  ##   ##  ##       ##
     ######    ##  ########  ######   ########  #########  ######  ######
     ##        ##  ##    ##  ##       ##     ## ##     ##       ## ##
     ##       #### ##     ## ######## ########  ##     ##  ######  ########

You're about to initialize a Firebase project in this directory:

  C:\Users\khule\OneDrive\Desktop\Desktop\pinecone\Personal_Project

Before we get started, keep in mind:

  * You are initializing within an existing Firebase project directory

